2015-12-17 10:46:48 [Thread-1] [INFO] o.s.w.c.s.XmlWebApplicationContext - Closing WebApplicationContext for namespace 'spring-servlet': startup date [Wed Dec 16 16:16:54 PHT 2015]; root of context hierarchy 
2015-12-17 10:47:14 [Thread-1] [INFO] o.s.b.f.s.DefaultListableBeanFactory - Destroying singletons in org.springframework.beans.factory.support.DefaultListableBeanFactory@867b89: defining beans [org.springframework.context.annotation.internalConfigurationAnnotationProcessor,org.springframework.context.annotation.internalAutowiredAnnotationProcessor,org.springframework.context.annotation.internalRequiredAnnotationProcessor,org.springframework.context.annotation.internalCommonAnnotationProcessor,org.springframework.context.annotation.internalPersistenceAnnotationProcessor,projectController,personController,projectValidator,DWRController,roleController,personFileParser,personValidator,roleManagerImpl,dwrService,personManagerImpl,personTransformer,projectTransformer,projectManagerImpl,projectDao,roleDaoImpl,personDaoImpl,mvcContentNegotiationManager,org.springframework.web.servlet.mvc.method.annotation.RequestMappingHandlerMapping#0,org.springframework.format.support.FormattingConversionServiceFactoryBean#0,org.springframework.web.servlet.mvc.method.annotation.RequestMappingHandlerAdapter#0,org.springframework.web.servlet.handler.MappedInterceptor#0,org.springframework.web.servlet.mvc.method.annotation.ExceptionHandlerExceptionResolver#0,org.springframework.web.servlet.mvc.annotation.ResponseStatusExceptionResolver#0,org.springframework.web.servlet.mvc.support.DefaultHandlerExceptionResolver#0,org.springframework.web.servlet.handler.BeanNameUrlHandlerMapping,org.springframework.web.servlet.mvc.HttpRequestHandlerAdapter,org.springframework.web.servlet.mvc.SimpleControllerHandlerAdapter,org.springframework.web.servlet.mvc.SimpleControllerHandlerAdapter#0,org.springframework.web.servlet.resource.ResourceHttpRequestHandler#0,org.springframework.web.servlet.handler.SimpleUrlHandlerMapping#0,org.springframework.web.servlet.view.InternalResourceViewResolver#0,localeResolver,messageSource,org.springframework.web.servlet.handler.MappedInterceptor#1,multipartResolver,txManager,org.springframework.aop.config.internalAutoProxyCreator,org.springframework.transaction.annotation.AnnotationTransactionAttributeSource#0,org.springframework.transaction.interceptor.TransactionInterceptor#0,org.springframework.transaction.config.internalTransactionAdvisor,dataSource,sessionFactory,org.directwebremoting.spring.DwrAnnotationPostProcessor#0,dwrHandlerMapping,dwrController,__dwrConfiguration,org.springframework.context.annotation.ConfigurationClassPostProcessor.importAwareProcessor,__personDWRService]; root of factory hierarchy 
2015-12-17 11:03:34 [main] [INFO] o.s.web.servlet.DispatcherServlet - FrameworkServlet 'spring': initialization started 
2015-12-17 11:03:34 [main] [INFO] o.s.w.c.s.XmlWebApplicationContext - Refreshing WebApplicationContext for namespace 'spring-servlet': startup date [Thu Dec 17 11:03:34 PHT 2015]; root of context hierarchy 
2015-12-17 11:03:34 [main] [INFO] o.s.b.f.xml.XmlBeanDefinitionReader - Loading XML bean definitions from ServletContext resource [/WEB-INF/spring-servlet.xml] 
2015-12-17 11:03:35 [main] [INFO] o.s.b.f.xml.XmlBeanDefinitionReader - Loading XML bean definitions from class path resource [service.xml] 
2015-12-17 11:03:35 [main] [INFO] o.s.b.f.xml.XmlBeanDefinitionReader - Loading XML bean definitions from class path resource [hibernate.xml] 
2015-12-17 11:03:35 [main] [INFO] o.s.b.f.xml.XmlBeanDefinitionReader - Loading XML bean definitions from class path resource [dwr.xml] 
2015-12-17 11:03:35 [main] [INFO] o.d.s.DwrAnnotationPostProcessor - Detected candidate bean [dwrService]. Remoting using personDWRService 
2015-12-17 11:03:35 [main] [INFO] o.s.b.f.a.AutowiredAnnotationBeanPostProcessor - JSR-330 'javax.inject.Inject' annotation found and supported for autowiring 
2015-12-17 11:03:36 [main] [INFO] o.s.b.f.s.DefaultListableBeanFactory - Pre-instantiating singletons in org.springframework.beans.factory.support.DefaultListableBeanFactory@1b64568: defining beans [org.springframework.context.annotation.internalConfigurationAnnotationProcessor,org.springframework.context.annotation.internalAutowiredAnnotationProcessor,org.springframework.context.annotation.internalRequiredAnnotationProcessor,org.springframework.context.annotation.internalCommonAnnotationProcessor,org.springframework.context.annotation.internalPersistenceAnnotationProcessor,projectController,personController,projectValidator,DWRController,roleController,personFileParser,personValidator,roleManagerImpl,dwrService,personManagerImpl,personTransformer,projectTransformer,projectManagerImpl,projectDao,roleDaoImpl,personDaoImpl,mvcContentNegotiationManager,org.springframework.web.servlet.mvc.method.annotation.RequestMappingHandlerMapping#0,org.springframework.format.support.FormattingConversionServiceFactoryBean#0,org.springframework.web.servlet.mvc.method.annotation.RequestMappingHandlerAdapter#0,org.springframework.web.servlet.handler.MappedInterceptor#0,org.springframework.web.servlet.mvc.method.annotation.ExceptionHandlerExceptionResolver#0,org.springframework.web.servlet.mvc.annotation.ResponseStatusExceptionResolver#0,org.springframework.web.servlet.mvc.support.DefaultHandlerExceptionResolver#0,org.springframework.web.servlet.handler.BeanNameUrlHandlerMapping,org.springframework.web.servlet.mvc.HttpRequestHandlerAdapter,org.springframework.web.servlet.mvc.SimpleControllerHandlerAdapter,org.springframework.web.servlet.mvc.SimpleControllerHandlerAdapter#0,org.springframework.web.servlet.resource.ResourceHttpRequestHandler#0,org.springframework.web.servlet.handler.SimpleUrlHandlerMapping#0,org.springframework.web.servlet.view.InternalResourceViewResolver#0,localeResolver,messageSource,org.springframework.web.servlet.handler.MappedInterceptor#1,multipartResolver,txManager,org.springframework.aop.config.internalAutoProxyCreator,org.springframework.transaction.annotation.AnnotationTransactionAttributeSource#0,org.springframework.transaction.interceptor.TransactionInterceptor#0,org.springframework.transaction.config.internalTransactionAdvisor,dataSource,sessionFactory,org.directwebremoting.spring.DwrAnnotationPostProcessor#0,dwrHandlerMapping,dwrController,__dwrConfiguration,org.springframework.context.annotation.ConfigurationClassPostProcessor.importAwareProcessor,__personDWRService]; root of factory hierarchy 
2015-12-17 11:03:36 [main] [INFO] o.h.annotations.common.Version - HCANN000001: Hibernate Commons Annotations {4.0.1.Final} 
2015-12-17 11:03:36 [main] [INFO] org.hibernate.Version - HHH000412: Hibernate Core {4.2.0.Final} 
2015-12-17 11:03:36 [main] [INFO] org.hibernate.cfg.Environment - HHH000206: hibernate.properties not found 
2015-12-17 11:03:36 [main] [INFO] org.hibernate.cfg.Environment - HHH000021: Bytecode provider name : javassist 
2015-12-17 11:03:36 [main] [INFO] org.hibernate.cfg.Configuration - HHH000044: Configuring from URL: jar:file:/home/admin/.m2/repository/ecp/spring/infra/persistence/1.0-SNAPSHOT/persistence-1.0-SNAPSHOT.jar!/hibernate.cfg.xml 
2015-12-17 11:03:36 [main] [INFO] org.hibernate.cfg.Configuration - HHH000041: Configured SessionFactory: null 
2015-12-17 11:03:38 [main] [INFO] org.hibernate.dialect.Dialect - HHH000400: Using dialect: org.hibernate.dialect.PostgreSQLDialect 
2015-12-17 11:03:38 [main] [INFO] o.h.e.j.internal.LobCreatorBuilder - HHH000424: Disabling contextual LOB creation as createClob() method threw error : java.lang.reflect.InvocationTargetException 
2015-12-17 11:03:38 [main] [INFO] o.h.e.t.i.TransactionFactoryInitiator - HHH000399: Using default transaction strategy (direct JDBC transactions) 
2015-12-17 11:03:38 [main] [INFO] o.h.h.i.a.ASTQueryTranslatorFactory - HHH000397: Using ASTQueryTranslatorFactory 
2015-12-17 11:03:38 [main] [INFO] o.h.cache.spi.UpdateTimestampsCache - HHH000250: Starting update timestamps cache at region: org.hibernate.cache.spi.UpdateTimestampsCache 
2015-12-17 11:03:38 [main] [INFO] o.h.c.internal.StandardQueryCache - HHH000248: Starting query cache at region: org.hibernate.cache.internal.StandardQueryCache 
2015-12-17 11:03:39 [main] [INFO] o.s.w.s.m.m.a.RequestMappingHandlerMapping - Mapped "{[/project/add],methods=[POST],params=[],headers=[],consumes=[],produces=[],custom=[]}" onto public java.lang.String ecp.spring.web.ProjectController.addProjectPost(org.springframework.ui.ModelMap,ecp.spring.model.ProjectDTO,org.springframework.validation.BindingResult,java.lang.String[]) 
2015-12-17 11:03:39 [main] [INFO] o.s.w.s.m.m.a.RequestMappingHandlerMapping - Mapped "{[/project],methods=[POST],params=[],headers=[],consumes=[],produces=[],custom=[]}" onto public java.lang.String ecp.spring.web.ProjectController.deleteProject(int) 
2015-12-17 11:03:39 [main] [INFO] o.s.w.s.m.m.a.RequestMappingHandlerMapping - Mapped "{[/project/edit/{id}],methods=[GET],params=[],headers=[],consumes=[],produces=[],custom=[]}" onto public java.lang.String ecp.spring.web.ProjectController.editProjectGet(org.springframework.ui.ModelMap,int) 
2015-12-17 11:03:39 [main] [INFO] o.s.w.s.m.m.a.RequestMappingHandlerMapping - Mapped "{[/project/edit/{id}],methods=[POST],params=[],headers=[],consumes=[],produces=[],custom=[]}" onto public java.lang.String ecp.spring.web.ProjectController.editProjectPost(org.springframework.ui.ModelMap,ecp.spring.model.Project,org.springframework.validation.BindingResult,java.lang.String[]) 
2015-12-17 11:03:39 [main] [INFO] o.s.w.s.m.m.a.RequestMappingHandlerMapping - Mapped "{[/project/add],methods=[GET],params=[],headers=[],consumes=[],produces=[],custom=[]}" onto public java.lang.String ecp.spring.web.ProjectController.addProjectGet(org.springframework.ui.ModelMap) 
2015-12-17 11:03:39 [main] [INFO] o.s.w.s.m.m.a.RequestMappingHandlerMapping - Mapped "{[/project],methods=[],params=[],headers=[],consumes=[],produces=[],custom=[]}" onto public java.lang.String ecp.spring.web.ProjectController.projectIndex(org.springframework.ui.Model) 
2015-12-17 11:03:39 [main] [INFO] o.s.w.s.m.m.a.RequestMappingHandlerMapping - Mapped "{[/person/edit/{id}],methods=[GET],params=[],headers=[],consumes=[],produces=[],custom=[]}" onto public java.lang.String ecp.spring.web.PersonController.editPersonGet(org.springframework.ui.ModelMap,int) 
2015-12-17 11:03:39 [main] [INFO] o.s.w.s.m.m.a.RequestMappingHandlerMapping - Mapped "{[/person/edit/{id}],methods=[POST],params=[],headers=[],consumes=[],produces=[],custom=[]}" onto public java.lang.String ecp.spring.web.PersonController.editPersonPost(org.springframework.ui.ModelMap,ecp.spring.model.Person,org.springframework.validation.BindingResult,java.lang.String[],java.lang.String[],java.lang.String[]) 
2015-12-17 11:03:39 [main] [INFO] o.s.w.s.m.m.a.RequestMappingHandlerMapping - Mapped "{[/],methods=[POST],params=[],headers=[],consumes=[],produces=[],custom=[]}" onto public java.lang.String ecp.spring.web.PersonController.deletePerson(int) 
2015-12-17 11:03:39 [main] [INFO] o.s.w.s.m.m.a.RequestMappingHandlerMapping - Mapped "{[/person/upload],methods=[GET],params=[],headers=[],consumes=[],produces=[],custom=[]}" onto public java.lang.String ecp.spring.web.PersonController.uploadFileGet() 
2015-12-17 11:03:39 [main] [INFO] o.s.w.s.m.m.a.RequestMappingHandlerMapping - Mapped "{[/person/upload],methods=[POST],params=[],headers=[],consumes=[],produces=[],custom=[]}" onto public java.lang.String ecp.spring.web.PersonController.uploadFilePost(org.springframework.ui.ModelMap,org.springframework.web.multipart.MultipartFile) 
2015-12-17 11:03:39 [main] [INFO] o.s.w.s.m.m.a.RequestMappingHandlerMapping - Mapped "{[/],methods=[GET],params=[],headers=[],consumes=[],produces=[],custom=[]}" onto public java.lang.String ecp.spring.web.PersonController.showIndex(org.springframework.ui.ModelMap) 
2015-12-17 11:03:39 [main] [INFO] o.s.w.s.m.m.a.RequestMappingHandlerMapping - Mapped "{[/person/{id}],methods=[GET],params=[],headers=[],consumes=[],produces=[],custom=[]}" onto public ecp.spring.model.Person ecp.spring.web.PersonController.getPersonJSON(int) 
2015-12-17 11:03:39 [main] [INFO] o.s.w.s.m.m.a.RequestMappingHandlerMapping - Mapped "{[/person/add],methods=[GET],params=[],headers=[],consumes=[],produces=[],custom=[]}" onto public java.lang.String ecp.spring.web.PersonController.addPersonGet(org.springframework.ui.ModelMap) 
2015-12-17 11:03:39 [main] [INFO] o.s.w.s.m.m.a.RequestMappingHandlerMapping - Mapped "{[/person/add],methods=[POST],params=[],headers=[],consumes=[],produces=[],custom=[]}" onto public java.lang.String ecp.spring.web.PersonController.addPersonPost(org.springframework.ui.ModelMap,ecp.spring.model.Person,org.springframework.validation.BindingResult,java.lang.String[],java.lang.String[],java.lang.String[]) 
2015-12-17 11:03:39 [main] [INFO] o.s.w.s.m.m.a.RequestMappingHandlerMapping - Mapped "{[/],methods=[],params=[],headers=[],consumes=[],produces=[application/json],custom=[]}" onto public java.util.List ecp.spring.web.PersonController.personlist(java.lang.Integer,java.lang.Integer,java.lang.String) 
2015-12-17 11:03:39 [main] [INFO] o.s.w.s.m.m.a.RequestMappingHandlerMapping - Mapped "{[/person/dwr/index],methods=[GET],params=[],headers=[],consumes=[],produces=[],custom=[]}" onto public java.lang.String ecp.spring.web.DWRController.add() 
2015-12-17 11:03:39 [main] [INFO] o.s.w.s.m.m.a.RequestMappingHandlerMapping - Mapped "{[/role],methods=[],params=[],headers=[],consumes=[],produces=[],custom=[]}" onto public java.lang.String ecp.spring.web.RoleController.roleIndex(org.springframework.ui.Model) 
2015-12-17 11:03:39 [main] [INFO] o.s.w.s.m.m.a.RequestMappingHandlerMapping - Mapped "{[/role],methods=[],params=[],headers=[],consumes=[],produces=[application/json],custom=[]}" onto public java.util.List ecp.spring.web.RoleController.roleListSort(java.lang.Integer,java.lang.String) 
2015-12-17 11:03:39 [main] [INFO] o.s.w.s.m.m.a.RequestMappingHandlerMapping - Mapped "{[/role/add],methods=[GET],params=[],headers=[],consumes=[],produces=[],custom=[]}" onto public java.lang.String ecp.spring.web.RoleController.addRoleGet(org.springframework.ui.ModelMap) 
2015-12-17 11:03:39 [main] [INFO] o.s.w.s.m.m.a.RequestMappingHandlerMapping - Mapped "{[/role/add],methods=[POST],params=[],headers=[],consumes=[],produces=[],custom=[]}" onto public java.lang.String ecp.spring.web.RoleController.addRolePost(ecp.spring.model.Role) 
2015-12-17 11:03:39 [main] [INFO] o.s.w.s.m.m.a.RequestMappingHandlerMapping - Mapped "{[/role],methods=[POST],params=[],headers=[],consumes=[],produces=[],custom=[]}" onto public java.lang.String ecp.spring.web.RoleController.deleteRole(java.lang.Integer) 
2015-12-17 11:03:39 [main] [INFO] o.s.w.s.m.m.a.RequestMappingHandlerMapping - Mapped "{[/role/edit/{id}],methods=[GET],params=[],headers=[],consumes=[],produces=[],custom=[]}" onto public java.lang.String ecp.spring.web.RoleController.editRoleGet(org.springframework.ui.Model,int) 
2015-12-17 11:03:39 [main] [INFO] o.s.w.s.m.m.a.RequestMappingHandlerMapping - Mapped "{[/role/edit/{id}],methods=[POST],params=[],headers=[],consumes=[],produces=[],custom=[]}" onto public java.lang.String ecp.spring.web.RoleController.editRolePost(org.springframework.ui.Model,ecp.spring.model.Role) 
2015-12-17 11:03:40 [main] [INFO] o.s.w.s.h.SimpleUrlHandlerMapping - Mapped URL path [/resources/**] onto handler 'org.springframework.web.servlet.resource.ResourceHttpRequestHandler#0' 
2015-12-17 11:03:41 [main] [INFO] o.s.o.h.HibernateTransactionManager - Using DataSource [org.apache.commons.dbcp.BasicDataSource@75d88b] of Hibernate SessionFactory for HibernateTransactionManager 
2015-12-17 11:03:41 [main] [INFO] org.directwebremoting.log.startup - Starting: DwrController v3.0.0-FINAL on jetty/8.1.16.v20140903 / JDK 1.7.0_80 from Oracle Corporation at  
2015-12-17 11:03:41 [main] [INFO] org.directwebremoting.log.startup - Starting: Using container abstraction org.directwebremoting.server.servlet3.Servlet30ContainerAbstraction 
2015-12-17 11:03:41 [main] [INFO] o.d.servlet.UrlProcessor - Probably not an issue: the url:/gi.js (org.directwebremoting.gi.GiHandler) Handler is not available. This is only an problem if you wanted to use it. 
2015-12-17 11:03:41 [main] [INFO] o.d.impl.DefaultConverterManager - Probably not an issue: jsx3.net.URIResolver is not available so the jsx3uri converter will not load. This is only an problem if you wanted to use it. 
2015-12-17 11:03:41 [main] [INFO] o.d.impl.DefaultConverterManager - Probably not an issue: jsx3.xml.CdfDocument is not available so the jsx3doc converter will not load. This is only an problem if you wanted to use it. 
2015-12-17 11:03:41 [main] [INFO] o.d.spring.DwrHandlerMapping - Mapped URL path [/util.js] onto handler of type [class org.directwebremoting.spring.DwrController] 
2015-12-17 11:03:41 [main] [INFO] o.d.spring.DwrHandlerMapping - Mapped URL path [/jsonrpc/**] onto handler of type [class org.directwebremoting.spring.DwrController] 
2015-12-17 11:03:41 [main] [INFO] o.d.spring.DwrHandlerMapping - Mapped URL path [/download/**] onto handler of type [class org.directwebremoting.spring.DwrController] 
2015-12-17 11:03:41 [main] [INFO] o.d.spring.DwrHandlerMapping - Mapped URL path [/data/Store.js] onto handler of type [class org.directwebremoting.spring.DwrController] 
2015-12-17 11:03:41 [main] [INFO] o.d.spring.DwrHandlerMapping - Mapped URL path [/engine.js] onto handler of type [class org.directwebremoting.spring.DwrController] 
2015-12-17 11:03:41 [main] [INFO] o.d.spring.DwrHandlerMapping - Mapped URL path [/test/**] onto handler of type [class org.directwebremoting.spring.DwrController] 
2015-12-17 11:03:41 [main] [INFO] o.d.spring.DwrHandlerMapping - Mapped URL path [/interface/**] onto handler of type [class org.directwebremoting.spring.DwrController] 
2015-12-17 11:03:41 [main] [INFO] o.d.spring.DwrHandlerMapping - Mapped URL path [/call/**] onto handler of type [class org.directwebremoting.spring.DwrController] 
2015-12-17 11:03:41 [main] [INFO] o.d.spring.DwrHandlerMapping - Mapped URL path [/jsonp/**] onto handler of type [class org.directwebremoting.spring.DwrController] 
2015-12-17 11:03:41 [main] [INFO] o.s.web.servlet.DispatcherServlet - FrameworkServlet 'spring': initialization completed in 7389 ms 
2015-12-17 11:05:15 [qtp19186445-24] [WARN] o.s.web.servlet.PageNotFound - No mapping found for HTTP request with URI [/favicon.ico] in DispatcherServlet with name 'spring' 
